#
# There is insufficient memory for the Java Runtime Environment to continue.
# Native memory allocation (malloc) failed to allocate 1668976 bytes for Chunk::new
# Possible reasons:
#   The system is out of physical RAM or swap space
#   The process is running with CompressedOops enabled, and the Java Heap may be blocking the growth of the native heap
# Possible solutions:
#   Reduce memory load on the system
#   Increase physical memory or swap space
#   Check if swap backing store is full
#   Decrease Java heap size (-Xmx/-Xms)
#   Decrease number of Java threads
#   Decrease Java thread stack sizes (-Xss)
#   Set larger code cache with -XX:ReservedCodeCacheSize=
#   JVM is running with Unscaled Compressed Oops mode in which the Java heap is
#     placed in the first 4GB address space. The Java Heap base address is the
#     maximum limit for the native heap growth. Please use -XX:HeapBaseMinAddress
#     to set the Java Heap base and to place the Java Heap above 4GB virtual address.
# This output file may be truncated or incomplete.
#
#  Out of Memory Error (arena.cpp:168), pid=17444, tid=18148
#
# JRE version: Java(TM) SE Runtime Environment (21.0.6+8) (build 21.0.6+8-LTS-188)
# Java VM: Java HotSpot(TM) 64-Bit Server VM (21.0.6+8-LTS-188, mixed mode, sharing, tiered, compressed oops, compressed class ptrs, g1 gc, windows-amd64)
# No core dump will be written. Minidumps are not enabled by default on client versions of Windows
#

---------------  S U M M A R Y ------------

Command Line: --add-opens=java.base/java.lang=ALL-UNNAMED --add-opens=java.base/java.lang.invoke=ALL-UNNAMED --add-opens=java.base/java.util=ALL-UNNAMED --add-opens=java.prefs/java.util.prefs=ALL-UNNAMED --add-exports=jdk.compiler/com.sun.tools.javac.api=ALL-UNNAMED --add-exports=jdk.compiler/com.sun.tools.javac.util=ALL-UNNAMED --add-opens=java.base/java.util=ALL-UNNAMED --add-opens=java.prefs/java.util.prefs=ALL-UNNAMED --add-opens=java.base/java.nio.charset=ALL-UNNAMED --add-opens=java.base/java.net=ALL-UNNAMED --add-opens=java.base/java.util.concurrent.atomic=ALL-UNNAMED --add-opens=java.xml/javax.xml.namespace=ALL-UNNAMED -XX:MaxMetaspaceSize=512m -Xmx2048m -Dfile.encoding=UTF-8 -Duser.country=IN -Duser.language=en -Duser.variant -javaagent:C:\Users\arvin\.gradle\wrapper\dists\gradle-8.11.1-bin\bpt9gzteqjrbo1mjrsomdt32c\gradle-8.11.1\lib\agents\gradle-instrumentation-agent-8.11.1.jar org.gradle.launcher.daemon.bootstrap.GradleDaemon 8.11.1

Host: AMD Ryzen 5 7535HS with Radeon Graphics        , 12 cores, 7G,  Windows 11 , 64 bit Build 26100 (10.0.26100.4202)
Time: Wed Jun 18 10:32:33 2025 India Standard Time elapsed time: 15.843263 seconds (0d 0h 0m 15s)

---------------  T H R E A D  ---------------

Current thread (0x000002206c563960):  JavaThread "C2 CompilerThread0" daemon [_thread_in_native, id=18148, stack(0x000000a855400000,0x000000a855500000) (1024K)]


Current CompileTask:
C2:  15843 8936 %     4       org.gradle.internal.instantiation.generator.AbstractClassGenerator::inspectType @ 107 (560 bytes)

Stack: [0x000000a855400000,0x000000a855500000]
Native frames: (J=compiled Java code, j=interpreted, Vv=VM code, C=native code)
V  [jvm.dll+0x6ca6d9]
V  [jvm.dll+0x854f51]
V  [jvm.dll+0x85747e]
V  [jvm.dll+0x857b53]
V  [jvm.dll+0x27dcc6]
V  [jvm.dll+0xc4c2d]
V  [jvm.dll+0xc5163]
V  [jvm.dll+0x3b5122]
V  [jvm.dll+0x381855]
V  [jvm.dll+0x380cca]
V  [jvm.dll+0x246920]
V  [jvm.dll+0x245eff]
V  [jvm.dll+0x1c6d2e]
V  [jvm.dll+0x2554f9]
V  [jvm.dll+0x253a8a]
V  [jvm.dll+0x3ee576]
V  [jvm.dll+0x7ff2fb]
V  [jvm.dll+0x6c8dbd]
C  [ucrtbase.dll+0x37b0]
C  [KERNEL32.DLL+0x2e8d7]
C  [ntdll.dll+0x3c34c]


---------------  P R O C E S S  ---------------

Threads class SMR info:
_java_thread_list=0x000002207677ec40, length=89, elements={
0x000002204f730b40, 0x000002206c552a40, 0x000002206c5544a0, 0x000002206c55d270,
0x000002206c55ba10, 0x000002206c559fd0, 0x000002206c55c0a0, 0x000002206c563960,
0x000002206c57d430, 0x000002206c5592b0, 0x000002206c55c730, 0x000002206c559940,
0x000002206c55a660, 0x000002206c55acf0, 0x000002206c55b380, 0x000002207277ff50,
0x000002207277f230, 0x00000220727805e0, 0x000002207277d7f0, 0x000002207277d160,
0x000002207277de80, 0x000002207277e510, 0x000002207277eba0, 0x000002207277f8c0,
0x0000022073e83440, 0x0000022073e82720, 0x0000022073e82db0, 0x0000022073e80ce0,
0x0000022073e83ad0, 0x0000022073e82090, 0x0000022073e80650, 0x0000022073e84160,
0x0000022073e81370, 0x0000022073e847f0, 0x0000022073e85510, 0x0000022073e85ba0,
0x0000022073e86230, 0x0000022073e87c70, 0x0000022073e86f50, 0x0000022073e868c0,
0x0000022076974e50, 0x0000022076974130, 0x00000220769754e0, 0x0000022076975b70,
0x0000022076977c40, 0x0000022076976200, 0x0000022076976890, 0x0000022076976f20,
0x00000220769775b0, 0x00000220769747c0, 0x000002207697b0c0, 0x0000022076979680,
0x0000022076978960, 0x0000022076979d10, 0x000002207697b750, 0x00000220769782d0,
0x0000022076978ff0, 0x000002207697a3a0, 0x000002207697aa30, 0x0000022076939440,
0x000002207693bba0, 0x000002207693b510, 0x000002207693ae80, 0x000002207693c230,
0x000002207693c8c0, 0x000002207693cf50, 0x000002207693a7f0, 0x0000022076939ad0,
0x000002207693d5e0, 0x000002207693a160, 0x000002207693dc70, 0x0000022076940a60,
0x00000220769403d0, 0x0000022076088640, 0x0000022076089360, 0x000002207608a080,
0x000002207608a710, 0x000002207608b430, 0x000002207608bac0, 0x000002207693fd40,
0x0000022073003940, 0x0000022073006730, 0x00000220730032b0, 0x0000022073005a10,
0x0000022073003fd0, 0x0000022073004660, 0x0000022073007450, 0x0000022073008170,
0x0000022073004cf0
}

Java Threads: ( => current thread )
  0x000002204f730b40 JavaThread "main"                              [_thread_blocked, id=15596, stack(0x000000a854600000,0x000000a854700000) (1024K)]
  0x000002206c552a40 JavaThread "Reference Handler"          daemon [_thread_blocked, id=4016, stack(0x000000a854e00000,0x000000a854f00000) (1024K)]
  0x000002206c5544a0 JavaThread "Finalizer"                  daemon [_thread_blocked, id=12284, stack(0x000000a854f00000,0x000000a855000000) (1024K)]
  0x000002206c55d270 JavaThread "Signal Dispatcher"          daemon [_thread_blocked, id=7352, stack(0x000000a855000000,0x000000a855100000) (1024K)]
  0x000002206c55ba10 JavaThread "Attach Listener"            daemon [_thread_blocked, id=12520, stack(0x000000a855100000,0x000000a855200000) (1024K)]
  0x000002206c559fd0 JavaThread "Service Thread"             daemon [_thread_blocked, id=9964, stack(0x000000a855200000,0x000000a855300000) (1024K)]
  0x000002206c55c0a0 JavaThread "Monitor Deflation Thread"   daemon [_thread_blocked, id=29492, stack(0x000000a855300000,0x000000a855400000) (1024K)]
=>0x000002206c563960 JavaThread "C2 CompilerThread0"         daemon [_thread_in_native, id=18148, stack(0x000000a855400000,0x000000a855500000) (1024K)]
  0x000002206c57d430 JavaThread "C1 CompilerThread0"         daemon [_thread_blocked, id=4408, stack(0x000000a855500000,0x000000a855600000) (1024K)]
  0x000002206c5592b0 JavaThread "Common-Cleaner"             daemon [_thread_blocked, id=31708, stack(0x000000a855600000,0x000000a855700000) (1024K)]
  0x000002206c55c730 JavaThread "Notification Thread"        daemon [_thread_blocked, id=30152, stack(0x000000a855700000,0x000000a855800000) (1024K)]
  0x000002206c559940 JavaThread "Daemon health stats"               [_thread_blocked, id=12828, stack(0x000000a855d00000,0x000000a855e00000) (1024K)]
  0x000002206c55a660 JavaThread "Incoming local TCP Connector on port 62012"        [_thread_in_native, id=22940, stack(0x000000a855e00000,0x000000a855f00000) (1024K)]
  0x000002206c55acf0 JavaThread "Daemon periodic checks"            [_thread_blocked, id=23524, stack(0x000000a855f00000,0x000000a856000000) (1024K)]
  0x000002206c55b380 JavaThread "Daemon"                            [_thread_blocked, id=24024, stack(0x000000a856000000,0x000000a856100000) (1024K)]
  0x000002207277ff50 JavaThread "Handler for socket connection from /127.0.0.1:62012 to /127.0.0.1:62013"        [_thread_in_native, id=32752, stack(0x000000a856100000,0x000000a856200000) (1024K)]
  0x000002207277f230 JavaThread "Cancel handler"                    [_thread_blocked, id=24028, stack(0x000000a856200000,0x000000a856300000) (1024K)]
  0x00000220727805e0 JavaThread "Daemon worker"                     [_thread_blocked, id=32900, stack(0x000000a856300000,0x000000a856400000) (1024K)]
  0x000002207277d7f0 JavaThread "Asynchronous log dispatcher for DefaultDaemonConnection: socket connection from /127.0.0.1:62012 to /127.0.0.1:62013"        [_thread_blocked, id=18560, stack(0x000000a856400000,0x000000a856500000) (1024K)]
  0x000002207277d160 JavaThread "Stdin handler"                     [_thread_blocked, id=1040, stack(0x000000a856500000,0x000000a856600000) (1024K)]
  0x000002207277de80 JavaThread "Daemon client event forwarder"        [_thread_blocked, id=6080, stack(0x000000a856600000,0x000000a856700000) (1024K)]
  0x000002207277e510 JavaThread "Cache worker for journal cache (C:\Users\arvin\.gradle\caches\journal-1)"        [_thread_blocked, id=19112, stack(0x000000a856800000,0x000000a856900000) (1024K)]
  0x000002207277eba0 JavaThread "File lock request listener"        [_thread_in_native, id=30776, stack(0x000000a856900000,0x000000a856a00000) (1024K)]
  0x000002207277f8c0 JavaThread "Cache worker for file hash cache (C:\Users\arvin\.gradle\caches\8.11.1\fileHashes)"        [_thread_blocked, id=23832, stack(0x000000a856a00000,0x000000a856b00000) (1024K)]
  0x0000022073e83440 JavaThread "Cache worker for file content cache (C:\Users\arvin\.gradle\caches\8.11.1\fileContent)"        [_thread_blocked, id=23336, stack(0x000000a856f00000,0x000000a857000000) (1024K)]
  0x0000022073e82720 JavaThread "Cache worker for file hash cache (C:\Users\arvin\Desktop\ReactN\AllenInside\android\.gradle\8.11.1\fileHashes)"        [_thread_blocked, id=25408, stack(0x000000a857200000,0x000000a857300000) (1024K)]
  0x0000022073e82db0 JavaThread "Cache worker for Build Output Cleanup Cache (C:\Users\arvin\Desktop\ReactN\AllenInside\android\.gradle\buildOutputCleanup)"        [_thread_blocked, id=11632, stack(0x000000a857300000,0x000000a857400000) (1024K)]
  0x0000022073e80ce0 JavaThread "File watcher server"        daemon [_thread_in_native, id=9980, stack(0x000000a857400000,0x000000a857500000) (1024K)]
  0x0000022073e83ad0 JavaThread "File watcher consumer"      daemon [_thread_blocked, id=1052, stack(0x000000a857500000,0x000000a857600000) (1024K)]
  0x0000022073e82090 JavaThread "Cache worker for checksums cache (C:\Users\arvin\Desktop\ReactN\AllenInside\android\.gradle\8.11.1\checksums)"        [_thread_blocked, id=9340, stack(0x000000a857600000,0x000000a857700000) (1024K)]
  0x0000022073e80650 JavaThread "Cache worker for cache directory md-rule (C:\Users\arvin\.gradle\caches\8.11.1\md-rule)"        [_thread_blocked, id=15096, stack(0x000000a857700000,0x000000a857800000) (1024K)]
  0x0000022073e84160 JavaThread "Cache worker for cache directory md-supplier (C:\Users\arvin\.gradle\caches\8.11.1\md-supplier)"        [_thread_blocked, id=30608, stack(0x000000a857800000,0x000000a857900000) (1024K)]
  0x0000022073e81370 JavaThread "jar transforms"                    [_thread_blocked, id=6816, stack(0x000000a857900000,0x000000a857a00000) (1024K)]
  0x0000022073e847f0 JavaThread "Cache worker for Build Output Cleanup Cache (C:\Users\arvin\Desktop\ReactN\AllenInside\node_modules\@react-native\gradle-plugin\.gradle\buildOutputCleanup)"        [_thread_blocked, id=26884, stack(0x000000a857a00000,0x000000a857b00000) (1024K)]
  0x0000022073e85510 JavaThread "Unconstrained build operations"        [_thread_blocked, id=32144, stack(0x000000a857b00000,0x000000a857c00000) (1024K)]
  0x0000022073e85ba0 JavaThread "Unconstrained build operations Thread 2"        [_thread_blocked, id=5416, stack(0x000000a857c00000,0x000000a857d00000) (1024K)]
  0x0000022073e86230 JavaThread "Unconstrained build operations Thread 3"        [_thread_blocked, id=31436, stack(0x000000a857d00000,0x000000a857e00000) (1024K)]
  0x0000022073e87c70 JavaThread "Unconstrained build operations Thread 4"        [_thread_blocked, id=21304, stack(0x000000a857e00000,0x000000a857f00000) (1024K)]
  0x0000022073e86f50 JavaThread "Unconstrained build operations Thread 5"        [_thread_blocked, id=6952, stack(0x000000a857f00000,0x000000a858000000) (1024K)]
  0x0000022073e868c0 JavaThread "Unconstrained build operations Thread 6"        [_thread_blocked, id=31000, stack(0x000000a858000000,0x000000a858100000) (1024K)]
  0x0000022076974e50 JavaThread "Unconstrained build operations Thread 7"        [_thread_blocked, id=24140, stack(0x000000a858100000,0x000000a858200000) (1024K)]
  0x0000022076974130 JavaThread "Unconstrained build operations Thread 8"        [_thread_blocked, id=11732, stack(0x000000a858200000,0x000000a858300000) (1024K)]
  0x00000220769754e0 JavaThread "Unconstrained build operations Thread 9"        [_thread_blocked, id=18112, stack(0x000000a858300000,0x000000a858400000) (1024K)]
  0x0000022076975b70 JavaThread "Unconstrained build operations Thread 10"        [_thread_blocked, id=12136, stack(0x000000a858400000,0x000000a858500000) (1024K)]
  0x0000022076977c40 JavaThread "Unconstrained build operations Thread 11"        [_thread_blocked, id=24436, stack(0x000000a858500000,0x000000a858600000) (1024K)]
  0x0000022076976200 JavaThread "Unconstrained build operations Thread 12"        [_thread_blocked, id=29752, stack(0x000000a858600000,0x000000a858700000) (1024K)]
  0x0000022076976890 JavaThread "Unconstrained build operations Thread 13"        [_thread_blocked, id=15384, stack(0x000000a858700000,0x000000a858800000) (1024K)]
  0x0000022076976f20 JavaThread "Unconstrained build operations Thread 14"        [_thread_blocked, id=31212, stack(0x000000a858800000,0x000000a858900000) (1024K)]
  0x00000220769775b0 JavaThread "Unconstrained build operations Thread 15"        [_thread_blocked, id=12112, stack(0x000000a858900000,0x000000a858a00000) (1024K)]
  0x00000220769747c0 JavaThread "Unconstrained build operations Thread 16"        [_thread_blocked, id=30988, stack(0x000000a858a00000,0x000000a858b00000) (1024K)]
  0x000002207697b0c0 JavaThread "Unconstrained build operations Thread 17"        [_thread_blocked, id=13016, stack(0x000000a858b00000,0x000000a858c00000) (1024K)]
  0x0000022076979680 JavaThread "Unconstrained build operations Thread 18"        [_thread_blocked, id=17008, stack(0x000000a858c00000,0x000000a858d00000) (1024K)]
  0x0000022076978960 JavaThread "Unconstrained build operations Thread 19"        [_thread_blocked, id=26440, stack(0x000000a858d00000,0x000000a858e00000) (1024K)]
  0x0000022076979d10 JavaThread "Unconstrained build operations Thread 20"        [_thread_blocked, id=22364, stack(0x000000a858e00000,0x000000a858f00000) (1024K)]
  0x000002207697b750 JavaThread "Unconstrained build operations Thread 21"        [_thread_blocked, id=24032, stack(0x000000a858f00000,0x000000a859000000) (1024K)]
  0x00000220769782d0 JavaThread "Unconstrained build operations Thread 22"        [_thread_blocked, id=15472, stack(0x000000a859000000,0x000000a859100000) (1024K)]
  0x0000022076978ff0 JavaThread "Unconstrained build operations Thread 23"        [_thread_blocked, id=9448, stack(0x000000a859100000,0x000000a859200000) (1024K)]
  0x000002207697a3a0 JavaThread "Unconstrained build operations Thread 24"        [_thread_blocked, id=15476, stack(0x000000a859200000,0x000000a859300000) (1024K)]
  0x000002207697aa30 JavaThread "Unconstrained build operations Thread 25"        [_thread_blocked, id=7292, stack(0x000000a859300000,0x000000a859400000) (1024K)]
  0x0000022076939440 JavaThread "Unconstrained build operations Thread 26"        [_thread_blocked, id=14384, stack(0x000000a859400000,0x000000a859500000) (1024K)]
  0x000002207693bba0 JavaThread "Unconstrained build operations Thread 27"        [_thread_blocked, id=26496, stack(0x000000a859500000,0x000000a859600000) (1024K)]
  0x000002207693b510 JavaThread "Unconstrained build operations Thread 28"        [_thread_blocked, id=32496, stack(0x000000a859600000,0x000000a859700000) (1024K)]
  0x000002207693ae80 JavaThread "Unconstrained build operations Thread 29"        [_thread_blocked, id=14228, stack(0x000000a859700000,0x000000a859800000) (1024K)]
  0x000002207693c230 JavaThread "Unconstrained build operations Thread 30"        [_thread_blocked, id=3704, stack(0x000000a859800000,0x000000a859900000) (1024K)]
  0x000002207693c8c0 JavaThread "Unconstrained build operations Thread 31"        [_thread_blocked, id=17332, stack(0x000000a859900000,0x000000a859a00000) (1024K)]
  0x000002207693cf50 JavaThread "Unconstrained build operations Thread 32"        [_thread_blocked, id=31916, stack(0x000000a859a00000,0x000000a859b00000) (1024K)]
  0x000002207693a7f0 JavaThread "Unconstrained build operations Thread 33"        [_thread_blocked, id=24172, stack(0x000000a859b00000,0x000000a859c00000) (1024K)]
  0x0000022076939ad0 JavaThread "Unconstrained build operations Thread 34"        [_thread_blocked, id=2056, stack(0x000000a859c00000,0x000000a859d00000) (1024K)]
  0x000002207693d5e0 JavaThread "Unconstrained build operations Thread 35"        [_thread_blocked, id=27332, stack(0x000000a859d00000,0x000000a859e00000) (1024K)]
  0x000002207693a160 JavaThread "Unconstrained build operations Thread 36"        [_thread_blocked, id=32880, stack(0x000000a859e00000,0x000000a859f00000) (1024K)]
  0x000002207693dc70 JavaThread "Unconstrained build operations Thread 37"        [_thread_blocked, id=1568, stack(0x000000a859f00000,0x000000a85a000000) (1024K)]
  0x0000022076940a60 JavaThread "Unconstrained build operations Thread 38"        [_thread_blocked, id=32552, stack(0x000000a85a000000,0x000000a85a100000) (1024K)]
  0x00000220769403d0 JavaThread "Unconstrained build operations Thread 39"        [_thread_blocked, id=15584, stack(0x000000a85a100000,0x000000a85a200000) (1024K)]
  0x0000022076088640 JavaThread "build event listener"              [_thread_blocked, id=11132, stack(0x000000a85a200000,0x000000a85a300000) (1024K)]
  0x0000022076089360 JavaThread "Memory manager"                    [_thread_blocked, id=29048, stack(0x000000a856700000,0x000000a856800000) (1024K)]
  0x000002207608a080 JavaThread "ForkJoinPool.commonPool-worker-1" daemon [_thread_blocked, id=24608, stack(0x000000a85a500000,0x000000a85a600000) (1024K)]
  0x000002207608a710 JavaThread "ForkJoinPool.commonPool-worker-2" daemon [_thread_blocked, id=23844, stack(0x000000a85a600000,0x000000a85a700000) (1024K)]
  0x000002207608b430 JavaThread "ForkJoinPool.commonPool-worker-3" daemon [_thread_blocked, id=14152, stack(0x000000a85a700000,0x000000a85a800000) (1024K)]
  0x000002207608bac0 JavaThread "ForkJoinPool.commonPool-worker-4" daemon [_thread_blocked, id=12404, stack(0x000000a85a800000,0x000000a85a900000) (1024K)]
  0x000002207693fd40 JavaThread "ForkJoinPool.commonPool-worker-5" daemon [_thread_blocked, id=3868, stack(0x000000a85a900000,0x000000a85aa00000) (1024K)]
  0x0000022073003940 JavaThread "ForkJoinPool.commonPool-worker-6" daemon [_thread_blocked, id=18036, stack(0x000000a85aa00000,0x000000a85ab00000) (1024K)]
  0x0000022073006730 JavaThread "ForkJoinPool.commonPool-worker-7" daemon [_thread_blocked, id=24856, stack(0x000000a85ab00000,0x000000a85ac00000) (1024K)]
  0x00000220730032b0 JavaThread "ForkJoinPool.commonPool-worker-8" daemon [_thread_blocked, id=22016, stack(0x000000a85ac00000,0x000000a85ad00000) (1024K)]
  0x0000022073005a10 JavaThread "ForkJoinPool.commonPool-worker-9" daemon [_thread_blocked, id=25036, stack(0x000000a85ad00000,0x000000a85ae00000) (1024K)]
  0x0000022073003fd0 JavaThread "ForkJoinPool.commonPool-worker-10" daemon [_thread_blocked, id=25160, stack(0x000000a85ae00000,0x000000a85af00000) (1024K)]
  0x0000022073004660 JavaThread "ForkJoinPool.commonPool-worker-11" daemon [_thread_blocked, id=33660, stack(0x000000a85af00000,0x000000a85b000000) (1024K)]
  0x0000022073007450 JavaThread "Exec process"               daemon [_thread_in_native, id=19308, stack(0x000000a85b000000,0x000000a85b100000) (1024K)]
  0x0000022073008170 JavaThread "Exec process Thread 2"      daemon [_thread_in_native, id=19728, stack(0x000000a85b100000,0x000000a85b200000) (1024K)]
  0x0000022073004cf0 JavaThread "Exec process Thread 3"      daemon [_thread_in_native, id=29932, stack(0x000000a85b200000,0x000000a85b300000) (1024K)]
Total: 89

Other Threads:
  0x000002206c53a1e0 VMThread "VM Thread"                           [id=33332, stack(0x000000a854d00000,0x000000a854e00000) (1024K)]
  0x000002206c52ade0 WatcherThread "VM Periodic Task Thread"        [id=13232, stack(0x000000a854c00000,0x000000a854d00000) (1024K)]
  0x000002204f789220 WorkerThread "GC Thread#0"                     [id=14768, stack(0x000000a854700000,0x000000a854800000) (1024K)]
  0x00000220713d5820 WorkerThread "GC Thread#1"                     [id=27520, stack(0x000000a855800000,0x000000a855900000) (1024K)]
  0x000002206c95a8c0 WorkerThread "GC Thread#2"                     [id=11660, stack(0x000000a855900000,0x000000a855a00000) (1024K)]
  0x000002207107d170 WorkerThread "GC Thread#3"                     [id=15744, stack(0x000000a855a00000,0x000000a855b00000) (1024K)]
  0x000002207183fd00 WorkerThread "GC Thread#4"                     [id=33508, stack(0x000000a855b00000,0x000000a855c00000) (1024K)]
  0x0000022071faae60 WorkerThread "GC Thread#5"                     [id=32864, stack(0x000000a855c00000,0x000000a855d00000) (1024K)]
  0x0000022073763a60 WorkerThread "GC Thread#6"                     [id=29132, stack(0x000000a856b00000,0x000000a856c00000) (1024K)]
  0x0000022073762840 WorkerThread "GC Thread#7"                     [id=28636, stack(0x000000a856c00000,0x000000a856d00000) (1024K)]
  0x0000022073762f80 WorkerThread "GC Thread#8"                     [id=25628, stack(0x000000a856d00000,0x000000a856e00000) (1024K)]
  0x0000022073762be0 WorkerThread "GC Thread#9"                     [id=30684, stack(0x000000a856e00000,0x000000a856f00000) (1024K)]
  0x000002204f79d500 ConcurrentGCThread "G1 Main Marker"            [id=13620, stack(0x000000a854800000,0x000000a854900000) (1024K)]
  0x000002204f79e550 WorkerThread "G1 Conc#0"                       [id=14956, stack(0x000000a854900000,0x000000a854a00000) (1024K)]
  0x000002207537e110 WorkerThread "G1 Conc#1"                       [id=32588, stack(0x000000a857000000,0x000000a857100000) (1024K)]
  0x000002207537b1f0 WorkerThread "G1 Conc#2"                       [id=21540, stack(0x000000a857100000,0x000000a857200000) (1024K)]
  0x000002204f7ee730 ConcurrentGCThread "G1 Refine#0"               [id=20120, stack(0x000000a854a00000,0x000000a854b00000) (1024K)]
  0x000002206c3fb1e0 ConcurrentGCThread "G1 Service"                [id=2644, stack(0x000000a854b00000,0x000000a854c00000) (1024K)]
Total: 18

Threads with active compile tasks:
C2 CompilerThread0    15877 8936 %     4       org.gradle.internal.instantiation.generator.AbstractClassGenerator::inspectType @ 107 (560 bytes)
Total: 1

VM state: not at safepoint (normal execution)

VM Mutex/Monitor currently owned by a thread: None

Heap address: 0x0000000080000000, size: 2048 MB, Compressed Oops mode: 32-bit

CDS archive(s) mapped at: [0x0000022000000000-0x0000022000c90000-0x0000022000c90000), size 13172736, SharedBaseAddress: 0x0000022000000000, ArchiveRelocationMode: 1.
Compressed class space mapped at: 0x0000022001000000-0x000002201b000000, reserved size: 436207616
Narrow klass base: 0x0000022000000000, Narrow klass shift: 0, Narrow klass range: 0x100000000

GC Precious Log:
 CardTable entry size: 512
 Card Set container configuration: InlinePtr #cards 5 size 8 Array Of Cards #cards 12 size 40 Howl #buckets 4 coarsen threshold 1843 Howl Bitmap #cards 512 size 80 coarsen threshold 460 Card regions per heap region 1 cards per card region 2048
 CPUs: 12 total, 12 available
 Memory: 7381M
 Large Page Support: Disabled
 NUMA Support: Disabled
 Compressed Oops: Enabled (32-bit)
 Heap Region Size: 1M
 Heap Min Capacity: 8M
 Heap Initial Capacity: 116M
 Heap Max Capacity: 2G
 Pre-touch: Disabled
 Parallel Workers: 10
 Concurrent Workers: 3
 Concurrent Refinement Workers: 10
 Periodic GC: Disabled

Heap:
 garbage-first heap   total 119808K, used 99564K [0x0000000080000000, 0x0000000100000000)
  region size 1024K, 35 young (35840K), 5 survivors (5120K)
 Metaspace       used 72651K, committed 74752K, reserved 491520K
  class space    used 10293K, committed 11328K, reserved 425984K

Heap Regions: E=young(eden), S=young(survivor), O=old, HS=humongous(starts), HC=humongous(continues), CS=collection set, F=free, TAMS=top-at-mark-start, PB=parsable bottom
|   0|0x0000000080000000, 0x0000000080100000, 0x0000000080100000|100%| O|  |TAMS 0x0000000080000000| PB 0x0000000080000000| Untracked 
|   1|0x0000000080100000, 0x0000000080200000, 0x0000000080200000|100%|HS|  |TAMS 0x0000000080100000| PB 0x0000000080100000| Complete 
|   2|0x0000000080200000, 0x0000000080300000, 0x0000000080300000|100%|HC|  |TAMS 0x0000000080200000| PB 0x0000000080200000| Complete 
|   3|0x0000000080300000, 0x0000000080400000, 0x0000000080400000|100%|HC|  |TAMS 0x0000000080300000| PB 0x0000000080300000| Complete 
|   4|0x0000000080400000, 0x0000000080500000, 0x0000000080500000|100%| O|  |TAMS 0x0000000080400000| PB 0x0000000080400000| Untracked 
|   5|0x0000000080500000, 0x0000000080600000, 0x0000000080600000|100%| O|  |TAMS 0x0000000080500000| PB 0x0000000080500000| Untracked 
|   6|0x0000000080600000, 0x0000000080700000, 0x0000000080700000|100%| O|  |TAMS 0x0000000080600000| PB 0x0000000080600000| Untracked 
|   7|0x0000000080700000, 0x0000000080800000, 0x0000000080800000|100%|HS|  |TAMS 0x0000000080700000| PB 0x0000000080700000| Complete 
|   8|0x0000000080800000, 0x0000000080900000, 0x0000000080900000|100%| O|  |TAMS 0x0000000080800000| PB 0x0000000080800000| Untracked 
|   9|0x0000000080900000, 0x0000000080a00000, 0x0000000080a00000|100%| O|  |TAMS 0x0000000080900000| PB 0x0000000080900000| Untracked 
|  10|0x0000000080a00000, 0x0000000080b00000, 0x0000000080b00000|100%| O|  |TAMS 0x0000000080a00000| PB 0x0000000080a00000| Untracked 
|  11|0x0000000080b00000, 0x0000000080c00000, 0x0000000080c00000|100%| O|  |TAMS 0x0000000080b00000| PB 0x0000000080b00000| Untracked 
|  12|0x0000000080c00000, 0x0000000080d00000, 0x0000000080d00000|100%| O|  |TAMS 0x0000000080c00000| PB 0x0000000080c00000| Untracked 
|  13|0x0000000080d00000, 0x0000000080e00000, 0x0000000080e00000|100%| O|  |TAMS 0x0000000080d00000| PB 0x0000000080d00000| Untracked 
|  14|0x0000000080e00000, 0x0000000080f00000, 0x0000000080f00000|100%| O|  |TAMS 0x0000000080e00000| PB 0x0000000080e00000| Untracked 
|  15|0x0000000080f00000, 0x0000000081000000, 0x0000000081000000|100%| O|  |TAMS 0x0000000080f00000| PB 0x0000000080f00000| Untracked 
|  16|0x0000000081000000, 0x0000000081100000, 0x0000000081100000|100%| O|  |TAMS 0x0000000081000000| PB 0x0000000081000000| Untracked 
|  17|0x0000000081100000, 0x0000000081200000, 0x0000000081200000|100%| O|  |TAMS 0x0000000081100000| PB 0x0000000081100000| Untracked 
|  18|0x0000000081200000, 0x0000000081300000, 0x0000000081300000|100%| O|  |TAMS 0x0000000081200000| PB 0x0000000081200000| Untracked 
|  19|0x0000000081300000, 0x0000000081400000, 0x0000000081400000|100%| O|  |TAMS 0x0000000081300000| PB 0x0000000081300000| Untracked 
|  20|0x0000000081400000, 0x0000000081500000, 0x0000000081500000|100%| O|  |TAMS 0x0000000081400000| PB 0x0000000081400000| Untracked 
|  21|0x0000000081500000, 0x0000000081600000, 0x0000000081600000|100%| O|  |TAMS 0x0000000081500000| PB 0x0000000081500000| Untracked 
|  22|0x0000000081600000, 0x0000000081700000, 0x0000000081700000|100%| O|  |TAMS 0x0000000081600000| PB 0x0000000081600000| Untracked 
|  23|0x0000000081700000, 0x0000000081800000, 0x0000000081800000|100%| O|  |TAMS 0x0000000081700000| PB 0x0000000081700000| Untracked 
|  24|0x0000000081800000, 0x0000000081900000, 0x0000000081900000|100%| O|  |TAMS 0x0000000081800000| PB 0x0000000081800000| Untracked 
|  25|0x0000000081900000, 0x0000000081a00000, 0x0000000081a00000|100%| O|  |TAMS 0x0000000081900000| PB 0x0000000081900000| Untracked 
|  26|0x0000000081a00000, 0x0000000081b00000, 0x0000000081b00000|100%| O|  |TAMS 0x0000000081a00000| PB 0x0000000081a00000| Untracked 
|  27|0x0000000081b00000, 0x0000000081c00000, 0x0000000081c00000|100%| O|  |TAMS 0x0000000081b00000| PB 0x0000000081b00000| Untracked 
|  28|0x0000000081c00000, 0x0000000081d00000, 0x0000000081d00000|100%| O|  |TAMS 0x0000000081c00000| PB 0x0000000081c00000| Untracked 
|  29|0x0000000081d00000, 0x0000000081e00000, 0x0000000081e00000|100%| O|  |TAMS 0x0000000081d00000| PB 0x0000000081d00000| Untracked 
|  30|0x0000000081e00000, 0x0000000081f00000, 0x0000000081f00000|100%| O|  |TAMS 0x0000000081e00000| PB 0x0000000081e00000| Untracked 
|  31|0x0000000081f00000, 0x0000000082000000, 0x0000000082000000|100%| O|  |TAMS 0x0000000081f00000| PB 0x0000000081f00000| Untracked 
|  32|0x0000000082000000, 0x0000000082100000, 0x0000000082100000|100%| O|  |TAMS 0x0000000082000000| PB 0x0000000082000000| Untracked 
|  33|0x0000000082100000, 0x0000000082200000, 0x0000000082200000|100%| O|  |TAMS 0x0000000082100000| PB 0x0000000082100000| Untracked 
|  34|0x0000000082200000, 0x0000000082300000, 0x0000000082300000|100%| O|  |TAMS 0x0000000082200000| PB 0x0000000082200000| Untracked 
|  35|0x0000000082300000, 0x0000000082400000, 0x0000000082400000|100%| O|  |TAMS 0x0000000082300000| PB 0x0000000082300000| Untracked 
|  36|0x0000000082400000, 0x0000000082500000, 0x0000000082500000|100%|HS|  |TAMS 0x0000000082400000| PB 0x0000000082400000| Complete 
|  37|0x0000000082500000, 0x0000000082600000, 0x0000000082600000|100%|HC|  |TAMS 0x0000000082500000| PB 0x0000000082500000| Complete 
|  38|0x0000000082600000, 0x0000000082700000, 0x0000000082700000|100%|HS|  |TAMS 0x0000000082600000| PB 0x0000000082600000| Complete 
|  39|0x0000000082700000, 0x0000000082800000, 0x0000000082800000|100%|HC|  |TAMS 0x0000000082700000| PB 0x0000000082700000| Complete 
|  40|0x0000000082800000, 0x0000000082900000, 0x0000000082900000|100%|HC|  |TAMS 0x0000000082800000| PB 0x0000000082800000| Complete 
|  41|0x0000000082900000, 0x0000000082a00000, 0x0000000082a00000|100%|HS|  |TAMS 0x0000000082900000| PB 0x0000000082900000| Complete 
|  42|0x0000000082a00000, 0x0000000082b00000, 0x0000000082b00000|100%|HC|  |TAMS 0x0000000082a00000| PB 0x0000000082a00000| Complete 
|  43|0x0000000082b00000, 0x0000000082c00000, 0x0000000082c00000|100%| O|  |TAMS 0x0000000082b00000| PB 0x0000000082b00000| Untracked 
|  44|0x0000000082c00000, 0x0000000082d00000, 0x0000000082d00000|100%| O|  |TAMS 0x0000000082c00000| PB 0x0000000082c00000| Untracked 
|  45|0x0000000082d00000, 0x0000000082e00000, 0x0000000082e00000|100%| O|  |TAMS 0x0000000082d00000| PB 0x0000000082d00000| Untracked 
|  46|0x0000000082e00000, 0x0000000082f00000, 0x0000000082f00000|100%| O|  |TAMS 0x0000000082e00000| PB 0x0000000082e00000| Untracked 
|  47|0x0000000082f00000, 0x0000000083000000, 0x0000000083000000|100%| O|  |TAMS 0x0000000082f00000| PB 0x0000000082f00000| Untracked 
|  48|0x0000000083000000, 0x0000000083100000, 0x0000000083100000|100%|HS|  |TAMS 0x0000000083000000| PB 0x0000000083000000| Complete 
|  49|0x0000000083100000, 0x0000000083200000, 0x0000000083200000|100%|HC|  |TAMS 0x0000000083100000| PB 0x0000000083100000| Complete 
|  50|0x0000000083200000, 0x0000000083300000, 0x0000000083300000|100%|HC|  |TAMS 0x0000000083200000| PB 0x0000000083200000| Complete 
|  51|0x0000000083300000, 0x0000000083400000, 0x0000000083400000|100%| O|  |TAMS 0x0000000083300000| PB 0x0000000083300000| Untracked 
|  52|0x0000000083400000, 0x0000000083500000, 0x0000000083500000|100%| O|  |TAMS 0x0000000083400000| PB 0x0000000083400000| Untracked 
|  53|0x0000000083500000, 0x0000000083600000, 0x0000000083600000|100%| O|  |TAMS 0x0000000083500000| PB 0x0000000083500000| Untracked 
|  54|0x0000000083600000, 0x0000000083700000, 0x0000000083700000|100%| O|  |TAMS 0x0000000083600000| PB 0x0000000083600000| Untracked 
|  55|0x0000000083700000, 0x0000000083800000, 0x0000000083800000|100%| O|  |TAMS 0x0000000083700000| PB 0x0000000083700000| Untracked 
|  56|0x0000000083800000, 0x0000000083900000, 0x0000000083900000|100%| O|  |TAMS 0x0000000083800000| PB 0x0000000083800000| Untracked 
|  57|0x0000000083900000, 0x0000000083a00000, 0x0000000083a00000|100%| O|Cm|TAMS 0x0000000083900000| PB 0x0000000083900000| Complete 
|  58|0x0000000083a00000, 0x0000000083b00000, 0x0000000083b00000|100%| O|  |TAMS 0x0000000083a00000| PB 0x0000000083a00000| Untracked 
|  59|0x0000000083b00000, 0x0000000083c00000, 0x0000000083c00000|100%| O|  |TAMS 0x0000000083b00000| PB 0x0000000083b00000| Untracked 
|  60|0x0000000083c00000, 0x0000000083d00000, 0x0000000083d00000|100%| O|  |TAMS 0x0000000083c00000| PB 0x0000000083c00000| Untracked 
|  61|0x0000000083d00000, 0x0000000083d787e0, 0x0000000083e00000| 47%| O|  |TAMS 0x0000000083d00000| PB 0x0000000083d00000| Untracked 
|  62|0x0000000083e00000, 0x0000000083f00000, 0x0000000083f00000|100%| O|  |TAMS 0x0000000083e00000| PB 0x0000000083e00000| Untracked 
|  63|0x0000000083f00000, 0x0000000083f00000, 0x0000000084000000|  0%| F|  |TAMS 0x0000000083f00000| PB 0x0000000083f00000| Untracked 
|  64|0x0000000084000000, 0x0000000084000000, 0x0000000084100000|  0%| F|  |TAMS 0x0000000084000000| PB 0x0000000084000000| Untracked 
|  65|0x0000000084100000, 0x0000000084100000, 0x0000000084200000|  0%| F|  |TAMS 0x0000000084100000| PB 0x0000000084100000| Untracked 
|  66|0x0000000084200000, 0x0000000084200000, 0x0000000084300000|  0%| F|  |TAMS 0x0000000084200000| PB 0x0000000084200000| Untracked 
|  67|0x0000000084300000, 0x00000000843c29c0, 0x0000000084400000| 76%| S|CS|TAMS 0x0000000084300000| PB 0x0000000084300000| Complete 
|  68|0x0000000084400000, 0x0000000084400000, 0x0000000084500000|  0%| F|  |TAMS 0x0000000084400000| PB 0x0000000084400000| Untracked 
|  69|0x0000000084500000, 0x0000000084500000, 0x0000000084600000|  0%| F|  |TAMS 0x0000000084500000| PB 0x0000000084500000| Untracked 
|  70|0x0000000084600000, 0x0000000084600000, 0x0000000084700000|  0%| F|  |TAMS 0x0000000084600000| PB 0x0000000084600000| Untracked 
|  71|0x0000000084700000, 0x0000000084700000, 0x0000000084800000|  0%| F|  |TAMS 0x0000000084700000| PB 0x0000000084700000| Untracked 
|  72|0x0000000084800000, 0x0000000084800000, 0x0000000084900000|  0%| F|  |TAMS 0x0000000084800000| PB 0x0000000084800000| Untracked 
|  73|0x0000000084900000, 0x0000000084900000, 0x0000000084a00000|  0%| F|  |TAMS 0x0000000084900000| PB 0x0000000084900000| Untracked 
|  74|0x0000000084a00000, 0x0000000084b00000, 0x0000000084b00000|100%| S|CS|TAMS 0x0000000084a00000| PB 0x0000000084a00000| Complete 
|  75|0x0000000084b00000, 0x0000000084c00000, 0x0000000084c00000|100%| S|CS|TAMS 0x0000000084b00000| PB 0x0000000084b00000| Complete 
|  76|0x0000000084c00000, 0x0000000084d00000, 0x0000000084d00000|100%| S|CS|TAMS 0x0000000084c00000| PB 0x0000000084c00000| Complete 
|  77|0x0000000084d00000, 0x0000000084e00000, 0x0000000084e00000|100%| S|CS|TAMS 0x0000000084d00000| PB 0x0000000084d00000| Complete 
|  78|0x0000000084e00000, 0x0000000084e00000, 0x0000000084f00000|  0%| F|  |TAMS 0x0000000084e00000| PB 0x0000000084e00000| Untracked 
|  79|0x0000000084f00000, 0x0000000084f00000, 0x0000000085000000|  0%| F|  |TAMS 0x0000000084f00000| PB 0x0000000084f00000| Untracked 
|  80|0x0000000085000000, 0x0000000085000000, 0x0000000085100000|  0%| F|  |TAMS 0x0000000085000000| PB 0x0000000085000000| Untracked 
|  81|0x0000000085100000, 0x0000000085100000, 0x0000000085200000|  0%| F|  |TAMS 0x0000000085100000| PB 0x0000000085100000| Untracked 
|  82|0x0000000085200000, 0x0000000085200000, 0x0000000085300000|  0%| F|  |TAMS 0x0000000085200000| PB 0x0000000085200000| Untracked 
|  83|0x0000000085300000, 0x0000000085300000, 0x0000000085400000|  0%| F|  |TAMS 0x0000000085300000| PB 0x0000000085300000| Untracked 
|  84|0x0000000085400000, 0x0000000085400000, 0x0000000085500000|  0%| F|  |TAMS 0x0000000085400000| PB 0x0000000085400000| Untracked 
|  85|0x0000000085500000, 0x0000000085500000, 0x0000000085600000|  0%| F|  |TAMS 0x0000000085500000| PB 0x0000000085500000| Untracked 
|  86|0x0000000085600000, 0x0000000085683e90, 0x0000000085700000| 51%| E|  |TAMS 0x0000000085600000| PB 0x0000000085600000| Complete 
|  87|0x0000000085700000, 0x0000000085800000, 0x0000000085800000|100%| E|CS|TAMS 0x0000000085700000| PB 0x0000000085700000| Complete 
|  88|0x0000000085800000, 0x0000000085900000, 0x0000000085900000|100%| E|CS|TAMS 0x0000000085800000| PB 0x0000000085800000| Complete 
|  89|0x0000000085900000, 0x0000000085a00000, 0x0000000085a00000|100%| E|CS|TAMS 0x0000000085900000| PB 0x0000000085900000| Complete 
|  90|0x0000000085a00000, 0x0000000085b00000, 0x0000000085b00000|100%| E|CS|TAMS 0x0000000085a00000| PB 0x0000000085a00000| Complete 
|  91|0x0000000085b00000, 0x0000000085c00000, 0x0000000085c00000|100%| E|CS|TAMS 0x0000000085b00000| PB 0x0000000085b00000| Complete 
|  92|0x0000000085c00000, 0x0000000085d00000, 0x0000000085d00000|100%| E|CS|TAMS 0x0000000085c00000| PB 0x0000000085c00000| Complete 
|  93|0x0000000085d00000, 0x0000000085e00000, 0x0000000085e00000|100%| E|CS|TAMS 0x0000000085d00000| PB 0x0000000085d00000| Complete 
|  94|0x0000000085e00000, 0x0000000085f00000, 0x0000000085f00000|100%| E|CS|TAMS 0x0000000085e00000| PB 0x0000000085e00000| Complete 
|  95|0x0000000085f00000, 0x0000000086000000, 0x0000000086000000|100%| E|CS|TAMS 0x0000000085f00000| PB 0x0000000085f00000| Complete 
|  96|0x0000000086000000, 0x0000000086100000, 0x0000000086100000|100%| E|CS|TAMS 0x0000000086000000| PB 0x0000000086000000| Complete 
|  97|0x0000000086100000, 0x0000000086200000, 0x0000000086200000|100%| E|CS|TAMS 0x0000000086100000| PB 0x0000000086100000| Complete 
|  98|0x0000000086200000, 0x0000000086300000, 0x0000000086300000|100%| E|CS|TAMS 0x0000000086200000| PB 0x0000000086200000| Complete 
|  99|0x0000000086300000, 0x0000000086400000, 0x0000000086400000|100%| E|CS|TAMS 0x0000000086300000| PB 0x0000000086300000| Complete 
| 100|0x0000000086400000, 0x0000000086500000, 0x0000000086500000|100%| E|CS|TAMS 0x0000000086400000| PB 0x0000000086400000| Complete 
| 101|0x0000000086500000, 0x0000000086600000, 0x0000000086600000|100%| E|CS|TAMS 0x0000000086500000| PB 0x0000000086500000| Complete 
| 102|0x0000000086600000, 0x0000000086700000, 0x0000000086700000|100%| E|CS|TAMS 0x0000000086600000| PB 0x0000000086600000| Complete 
| 103|0x0000000086700000, 0x0000000086800000, 0x0000000086800000|100%| E|CS|TAMS 0x0000000086700000| PB 0x0000000086700000| Complete 
| 104|0x0000000086800000, 0x0000000086900000, 0x0000000086900000|100%| E|CS|TAMS 0x0000000086800000| PB 0x0000000086800000| Complete 
| 105|0x0000000086900000, 0x0000000086a00000, 0x0000000086a00000|100%| E|CS|TAMS 0x0000000086900000| PB 0x0000000086900000| Complete 
| 106|0x0000000086a00000, 0x0000000086b00000, 0x0000000086b00000|100%| E|CS|TAMS 0x0000000086a00000| PB 0x0000000086a00000| Complete 
| 107|0x0000000086b00000, 0x0000000086c00000, 0x0000000086c00000|100%| E|CS|TAMS 0x0000000086b00000| PB 0x0000000086b00000| Complete 
| 108|0x0000000086c00000, 0x0000000086d00000, 0x0000000086d00000|100%| E|CS|TAMS 0x0000000086c00000| PB 0x0000000086c00000| Complete 
| 109|0x0000000086d00000, 0x0000000086e00000, 0x0000000086e00000|100%| E|CS|TAMS 0x0000000086d00000| PB 0x0000000086d00000| Complete 
| 110|0x0000000086e00000, 0x0000000086f00000, 0x0000000086f00000|100%| E|CS|TAMS 0x0000000086e00000| PB 0x0000000086e00000| Complete 
| 111|0x0000000086f00000, 0x0000000087000000, 0x0000000087000000|100%| E|CS|TAMS 0x0000000086f00000| PB 0x0000000086f00000| Complete 
| 112|0x0000000087000000, 0x0000000087100000, 0x0000000087100000|100%| E|CS|TAMS 0x0000000087000000| PB 0x0000000087000000| Complete 
| 113|0x0000000087100000, 0x0000000087200000, 0x0000000087200000|100%| E|CS|TAMS 0x0000000087100000| PB 0x0000000087100000| Complete 
| 115|0x0000000087300000, 0x0000000087400000, 0x0000000087400000|100%| E|CS|TAMS 0x0000000087300000| PB 0x0000000087300000| Complete 
|2046|0x00000000ffe00000, 0x00000000fff00000, 0x00000000fff00000|100%| E|CS|TAMS 0x00000000ffe00000| PB 0x00000000ffe00000| Complete 
|2047|0x00000000fff00000, 0x0000000100000000, 0x0000000100000000|100%| O|Cm|TAMS 0x00000000fff00000| PB 0x00000000fff00000| Complete 

Card table byte_map: [0x0000022067500000,0x0000022067900000] _byte_map_base: 0x0000022067100000

Marking Bits: (CMBitMap*) 0x000002204f78aef0
 Bits: [0x0000022067900000, 0x0000022069900000)

Polling page: 0x000002204d5e0000

Metaspace:

Usage:
  Non-class:     60.90 MB used.
      Class:     10.05 MB used.
       Both:     70.95 MB used.

Virtual space:
  Non-class space:       64.00 MB reserved,      61.94 MB ( 97%) committed,  1 nodes.
      Class space:      416.00 MB reserved,      11.06 MB (  3%) committed,  1 nodes.
             Both:      480.00 MB reserved,      73.00 MB ( 15%) committed. 

Chunk freelists:
   Non-Class:  1.45 MB
       Class:  4.76 MB
        Both:  6.21 MB

MaxMetaspaceSize: 512.00 MB
CompressedClassSpaceSize: 416.00 MB
Initial GC threshold: 21.00 MB
Current GC threshold: 114.69 MB
CDS: on
 - commit_granule_bytes: 65536.
 - commit_granule_words: 8192.
 - virtual_space_node_default_size: 8388608.
 - enlarge_chunks_in_place: 1.
 - use_allocation_guard: 0.


Internal statistics:

num_allocs_failed_limit: 12.
num_arena_births: 3726.
num_arena_deaths: 0.
num_vsnodes_births: 2.
num_vsnodes_deaths: 0.
num_space_committed: 1168.
num_space_uncommitted: 0.
num_chunks_returned_to_freelist: 12.
num_chunks_taken_from_freelist: 7229.
num_chunk_merges: 6.
num_chunk_splits: 4655.
num_chunks_enlarged: 2825.
num_inconsistent_stats: 0.

CodeHeap 'non-profiled nmethods': size=120000Kb used=4383Kb max_used=4383Kb free=115616Kb
 bounds [0x000002205f680000, 0x000002205fad0000, 0x0000022066bb0000]
CodeHeap 'profiled nmethods': size=120000Kb used=14804Kb max_used=14804Kb free=105195Kb
 bounds [0x0000022057bb0000, 0x0000022058a30000, 0x000002205f0e0000]
CodeHeap 'non-nmethods': size=5760Kb used=2825Kb max_used=2891Kb free=2934Kb
 bounds [0x000002205f0e0000, 0x000002205f3c0000, 0x000002205f680000]
 total_blobs=8825 nmethods=7890 adapters=839
 compilation: enabled
              stopped_count=0, restarted_count=0
 full_count=0

Compilation events (20 events):
Event: 14.706 Thread 0x00000220736b05e0 nmethod 9005 0x000002205fac6a90 code [0x000002205fac6c20, 0x000002205fac6cc8]
Event: 14.708 Thread 0x000002206c57d430 9006       1       org.gradle.launcher.daemon.server.exec.LogToClient::access$100 (5 bytes)
Event: 14.708 Thread 0x000002206c57d430 nmethod 9006 0x000002205fac6d90 code [0x000002205fac6f20, 0x000002205fac6fd0]
Event: 14.710 Thread 0x000002206c57d430 9007       3       jdk.internal.misc.Unsafe::loadFence (5 bytes)
Event: 14.710 Thread 0x000002206c57d430 nmethod 9007 0x0000022058a21390 code [0x0000022058a21520, 0x0000022058a21640]
Event: 14.710 Thread 0x000002206c57d430 9008       3       sun.security.provider.SHA2::implCompress0 (448 bytes)
Event: 14.711 Thread 0x000002206c57d430 nmethod 9008 0x0000022058a21710 code [0x0000022058a21960, 0x0000022058a22568]
Event: 14.722 Thread 0x000002206c57d430 9009       3       java.lang.ProcessEnvironment$CheckedEntry::getValue (5 bytes)
Event: 14.722 Thread 0x000002206c57d430 nmethod 9009 0x0000022058a22c90 code [0x0000022058a22e60, 0x0000022058a23198]
Event: 14.722 Thread 0x000002206c57d430 9010       3       java.lang.ProcessEnvironment$CheckedEntry::getValue (13 bytes)
Event: 14.722 Thread 0x000002206c57d430 nmethod 9010 0x0000022058a23290 code [0x0000022058a23440, 0x0000022058a23708]
Event: 14.728 Thread 0x000002206c57d430 9011       3       java.lang.ProcessEnvironment$EntryComparator::compare (13 bytes)
Event: 14.728 Thread 0x000002206c57d430 nmethod 9011 0x0000022058a23810 code [0x0000022058a23a20, 0x0000022058a24178]
Event: 14.729 Thread 0x000002206c57d430 9012       3       java.lang.ProcessEnvironment$EntryComparator::compare (25 bytes)
Event: 14.729 Thread 0x000002206c57d430 nmethod 9012 0x0000022058a24310 code [0x0000022058a24500, 0x0000022058a249e0]
Event: 14.833 Thread 0x00000220736b05e0 9014       4       java.util.concurrent.TimeUnit::toNanos (45 bytes)
Event: 14.833 Thread 0x000002206c57d430 9015       3       java.lang.invoke.DirectMethodHandle$Holder::invokeStatic (17 bytes)
Event: 14.833 Thread 0x000002206c57d430 nmethod 9015 0x0000022058a24b90 code [0x0000022058a24d60, 0x0000022058a25270]
Event: 14.833 Thread 0x00000220736b05e0 nmethod 9014 0x000002205fac7390 code [0x000002205fac7520, 0x000002205fac7618]
Event: 15.825 Thread 0x000002206c57d430 9016       1       javax.management.ObjectName::getCanonicalName (5 bytes)

GC Heap History (20 events):
Event: 6.839 GC heap before
{Heap before GC invocations=8 (full 0):
 garbage-first heap   total 95232K, used 33148K [0x0000000080000000, 0x0000000100000000)
  region size 1024K, 9 young (9216K), 7 survivors (7168K)
 Metaspace       used 35142K, committed 36416K, reserved 491520K
  class space    used 4954K, committed 5632K, reserved 425984K
}
Event: 6.843 GC heap after
{Heap after GC invocations=9 (full 0):
 garbage-first heap   total 114688K, used 33134K [0x0000000080000000, 0x0000000100000000)
  region size 1024K, 1 young (1024K), 1 survivors (1024K)
 Metaspace       used 35142K, committed 36416K, reserved 491520K
  class space    used 4954K, committed 5632K, reserved 425984K
}
Event: 7.631 GC heap before
{Heap before GC invocations=10 (full 0):
 garbage-first heap   total 114688K, used 101742K [0x0000000080000000, 0x0000000100000000)
  region size 1024K, 64 young (65536K), 1 survivors (1024K)
 Metaspace       used 40351K, committed 41792K, reserved 491520K
  class space    used 5672K, committed 6400K, reserved 425984K
}
Event: 7.636 GC heap after
{Heap after GC invocations=11 (full 0):
 garbage-first heap   total 114688K, used 36834K [0x0000000080000000, 0x0000000100000000)
  region size 1024K, 5 young (5120K), 5 survivors (5120K)
 Metaspace       used 40351K, committed 41792K, reserved 491520K
  class space    used 5672K, committed 6400K, reserved 425984K
}
Event: 8.689 GC heap before
{Heap before GC invocations=11 (full 0):
 garbage-first heap   total 114688K, used 99298K [0x0000000080000000, 0x0000000100000000)
  region size 1024K, 65 young (66560K), 5 survivors (5120K)
 Metaspace       used 47475K, committed 49088K, reserved 491520K
  class space    used 6682K, committed 7488K, reserved 425984K
}
Event: 8.693 GC heap after
{Heap after GC invocations=12 (full 0):
 garbage-first heap   total 114688K, used 40404K [0x0000000080000000, 0x0000000100000000)
  region size 1024K, 9 young (9216K), 9 survivors (9216K)
 Metaspace       used 47475K, committed 49088K, reserved 491520K
  class space    used 6682K, committed 7488K, reserved 425984K
}
Event: 9.530 GC heap before
{Heap before GC invocations=12 (full 0):
 garbage-first heap   total 114688K, used 96724K [0x0000000080000000, 0x0000000100000000)
  region size 1024K, 64 young (65536K), 9 survivors (9216K)
 Metaspace       used 54289K, committed 55936K, reserved 491520K
  class space    used 7706K, committed 8512K, reserved 425984K
}
Event: 9.535 GC heap after
{Heap after GC invocations=13 (full 0):
 garbage-first heap   total 114688K, used 43170K [0x0000000080000000, 0x0000000100000000)
  region size 1024K, 7 young (7168K), 7 survivors (7168K)
 Metaspace       used 54289K, committed 55936K, reserved 491520K
  class space    used 7706K, committed 8512K, reserved 425984K
}
Event: 10.325 GC heap before
{Heap before GC invocations=13 (full 0):
 garbage-first heap   total 114688K, used 105634K [0x0000000080000000, 0x0000000100000000)
  region size 1024K, 62 young (63488K), 7 survivors (7168K)
 Metaspace       used 57059K, committed 58880K, reserved 491520K
  class space    used 8041K, committed 8960K, reserved 425984K
}
Event: 10.331 GC heap after
{Heap after GC invocations=14 (full 0):
 garbage-first heap   total 119808K, used 55964K [0x0000000080000000, 0x0000000100000000)
  region size 1024K, 8 young (8192K), 8 survivors (8192K)
 Metaspace       used 57059K, committed 58880K, reserved 491520K
  class space    used 8041K, committed 8960K, reserved 425984K
}
Event: 10.561 GC heap before
{Heap before GC invocations=14 (full 0):
 garbage-first heap   total 119808K, used 71324K [0x0000000080000000, 0x0000000100000000)
  region size 1024K, 24 young (24576K), 8 survivors (8192K)
 Metaspace       used 59075K, committed 60928K, reserved 491520K
  class space    used 8285K, committed 9216K, reserved 425984K
}
Event: 10.565 GC heap after
{Heap after GC invocations=15 (full 0):
 garbage-first heap   total 119808K, used 57891K [0x0000000080000000, 0x0000000100000000)
  region size 1024K, 2 young (2048K), 2 survivors (2048K)
 Metaspace       used 59075K, committed 60928K, reserved 491520K
  class space    used 8285K, committed 9216K, reserved 425984K
}
Event: 11.106 GC heap before
{Heap before GC invocations=16 (full 0):
 garbage-first heap   total 119808K, used 107043K [0x0000000080000000, 0x0000000100000000)
  region size 1024K, 50 young (51200K), 2 survivors (2048K)
 Metaspace       used 62620K, committed 64448K, reserved 491520K
  class space    used 8789K, committed 9664K, reserved 425984K
}
Event: 11.108 GC heap after
{Heap after GC invocations=17 (full 0):
 garbage-first heap   total 119808K, used 58983K [0x0000000080000000, 0x0000000100000000)
  region size 1024K, 3 young (3072K), 3 survivors (3072K)
 Metaspace       used 62620K, committed 64448K, reserved 491520K
  class space    used 8789K, committed 9664K, reserved 425984K
}
Event: 11.733 GC heap before
{Heap before GC invocations=17 (full 0):
 garbage-first heap   total 119808K, used 112231K [0x0000000080000000, 0x0000000100000000)
  region size 1024K, 52 young (53248K), 3 survivors (3072K)
 Metaspace       used 66603K, committed 68608K, reserved 491520K
  class space    used 9445K, committed 10432K, reserved 425984K
}
Event: 11.737 GC heap after
{Heap after GC invocations=18 (full 0):
 garbage-first heap   total 119808K, used 63288K [0x0000000080000000, 0x0000000100000000)
  region size 1024K, 5 young (5120K), 5 survivors (5120K)
 Metaspace       used 66603K, committed 68608K, reserved 491520K
  class space    used 9445K, committed 10432K, reserved 425984K
}
Event: 12.448 GC heap before
{Heap before GC invocations=18 (full 0):
 garbage-first heap   total 119808K, used 106296K [0x0000000080000000, 0x0000000100000000)
  region size 1024K, 47 young (48128K), 5 survivors (5120K)
 Metaspace       used 68457K, committed 70464K, reserved 491520K
  class space    used 9718K, committed 10752K, reserved 425984K
}
Event: 12.454 GC heap after
{Heap after GC invocations=19 (full 0):
 garbage-first heap   total 119808K, used 67133K [0x0000000080000000, 0x0000000100000000)
  region size 1024K, 6 young (6144K), 6 survivors (6144K)
 Metaspace       used 68457K, committed 70464K, reserved 491520K
  class space    used 9718K, committed 10752K, reserved 425984K
}
Event: 13.285 GC heap before
{Heap before GC invocations=20 (full 0):
 garbage-first heap   total 119808K, used 106045K [0x0000000080000000, 0x0000000100000000)
  region size 1024K, 44 young (45056K), 6 survivors (6144K)
 Metaspace       used 70163K, committed 72256K, reserved 491520K
  class space    used 9955K, committed 11008K, reserved 425984K
}
Event: 13.290 GC heap after
{Heap after GC invocations=21 (full 0):
 garbage-first heap   total 119808K, used 69868K [0x0000000080000000, 0x0000000100000000)
  region size 1024K, 5 young (5120K), 5 survivors (5120K)
 Metaspace       used 70163K, committed 72256K, reserved 491520K
  class space    used 9955K, committed 11008K, reserved 425984K
}

Dll operation events (15 events):
Event: 0.014 Loaded shared library C:\Program Files\Java\jdk-21\bin\java.dll
Event: 0.042 Loaded shared library C:\Program Files\Java\jdk-21\bin\jsvml.dll
Event: 0.080 Loaded shared library C:\Program Files\Java\jdk-21\bin\zip.dll
Event: 0.086 Loaded shared library C:\Program Files\Java\jdk-21\bin\instrument.dll
Event: 0.091 Loaded shared library C:\Program Files\Java\jdk-21\bin\net.dll
Event: 0.093 Loaded shared library C:\Program Files\Java\jdk-21\bin\nio.dll
Event: 0.096 Loaded shared library C:\Program Files\Java\jdk-21\bin\zip.dll
Event: 0.379 Loaded shared library C:\Program Files\Java\jdk-21\bin\jimage.dll
Event: 0.524 Loaded shared library C:\Program Files\Java\jdk-21\bin\verify.dll
Event: 0.767 Loaded shared library C:\Users\arvin\.gradle\native\c067742578af261105cb4f569cf0c3c89f3d7b1fecec35dd04571415982c5e48\windows-amd64\native-platform.dll
Event: 0.790 Loaded shared library C:\Users\arvin\.gradle\native\100fb08df4bc3b14c8652ba06237920a3bd2aa13389f12d3474272988ae205f9\windows-amd64\native-platform-file-events.dll
Event: 2.765 Loaded shared library C:\Program Files\Java\jdk-21\bin\management.dll
Event: 2.769 Loaded shared library C:\Program Files\Java\jdk-21\bin\management_ext.dll
Event: 3.064 Loaded shared library C:\Program Files\Java\jdk-21\bin\extnet.dll
Event: 3.245 Loaded shared library C:\Program Files\Java\jdk-21\bin\sunmscapi.dll

Deoptimization events (20 events):
Event: 14.701 Thread 0x000002207608a080 Uncommon trap: trap_request=0xffffff45 fr.pc=0x000002205f74b9e4 relative=0x0000000000000124
Event: 14.701 Thread 0x000002207608a080 Uncommon trap: reason=unstable_if action=reinterpret pc=0x000002205f74b9e4 method=java.lang.ThreadLocal.get(Ljava/lang/Thread;)Ljava/lang/Object; @ 7 c2
Event: 14.702 Thread 0x000002207608a080 DEOPT PACKING pc=0x000002205f74b9e4 sp=0x000000a85a5fe620
Event: 14.702 Thread 0x000002207608a080 DEOPT UNPACKING pc=0x000002205f1346a2 sp=0x000000a85a5fe5b8 mode 2
Event: 14.702 Thread 0x000002207608a080 Uncommon trap: trap_request=0xffffff45 fr.pc=0x000002205f9504e8 relative=0x0000000000000768
Event: 14.702 Thread 0x000002207608a080 Uncommon trap: reason=unstable_if action=reinterpret pc=0x000002205f9504e8 method=java.lang.ThreadLocal.setInitialValue(Ljava/lang/Thread;)Ljava/lang/Object; @ 12 c2
Event: 14.702 Thread 0x000002207608a080 DEOPT PACKING pc=0x000002205f9504e8 sp=0x000000a85a5fe550
Event: 14.702 Thread 0x000002207608a080 DEOPT UNPACKING pc=0x000002205f1346a2 sp=0x000000a85a5fe530 mode 2
Event: 14.702 Thread 0x000002207693fd40 Uncommon trap: trap_request=0xffffff45 fr.pc=0x000002205f9d9464 relative=0x0000000000000124
Event: 14.702 Thread 0x000002207693fd40 Uncommon trap: reason=unstable_if action=reinterpret pc=0x000002205f9d9464 method=java.lang.ThreadLocal.get(Ljava/lang/Thread;)Ljava/lang/Object; @ 7 c2
Event: 14.702 Thread 0x000002207693fd40 DEOPT PACKING pc=0x000002205f9d9464 sp=0x000000a85a9fe790
Event: 14.702 Thread 0x000002207693fd40 DEOPT UNPACKING pc=0x000002205f1346a2 sp=0x000000a85a9fe6b8 mode 2
Event: 14.709 Thread 0x00000220727805e0 Uncommon trap: trap_request=0xffffff45 fr.pc=0x000002205f8c298c relative=0x000000000000006c
Event: 14.709 Thread 0x00000220727805e0 Uncommon trap: reason=unstable_if action=reinterpret pc=0x000002205f8c298c method=java.util.HashMap$KeySpliterator.characteristics()I @ 4 c2
Event: 14.709 Thread 0x00000220727805e0 DEOPT PACKING pc=0x000002205f8c298c sp=0x000000a8563f6750
Event: 14.709 Thread 0x00000220727805e0 DEOPT UNPACKING pc=0x000002205f1346a2 sp=0x000000a8563f66e8 mode 2
Event: 14.714 Thread 0x00000220730032b0 Uncommon trap: trap_request=0xffffff45 fr.pc=0x000002205fa62a40 relative=0x0000000000001ae0
Event: 14.714 Thread 0x00000220730032b0 Uncommon trap: reason=unstable_if action=reinterpret pc=0x000002205fa62a40 method=org.objectweb.asm.MethodWriter.putMethodInfo(Lorg/objectweb/asm/ByteVector;)V @ 9 c2
Event: 14.714 Thread 0x00000220730032b0 DEOPT PACKING pc=0x000002205fa62a40 sp=0x000000a85acfe4f0
Event: 14.714 Thread 0x00000220730032b0 DEOPT UNPACKING pc=0x000002205f1346a2 sp=0x000000a85acfe490 mode 2

Classes loaded (20 events):
Event: 14.624 Loading class java/util/Spliterators$IntArraySpliterator
Event: 14.624 Loading class java/util/Spliterators$IntArraySpliterator done
Event: 14.627 Loading class java/text/ParsePosition
Event: 14.627 Loading class java/text/ParsePosition done
Event: 14.632 Loading class java/text/CharacterIterator
Event: 14.632 Loading class java/text/CharacterIterator done
Event: 14.699 Loading class java/util/stream/ReferencePipeline$15
Event: 14.699 Loading class java/util/stream/ReferencePipeline$15 done
Event: 14.701 Loading class java/util/stream/ReferencePipeline$15$1
Event: 14.701 Loading class java/util/stream/ReferencePipeline$15$1 done
Event: 14.728 Loading class java/lang/ProcessImpl
Event: 14.728 Loading class java/lang/ProcessImpl done
Event: 14.737 Loading class java/lang/ProcessHandleImpl
Event: 14.737 Loading class java/lang/ProcessHandleImpl done
Event: 14.738 Loading class java/lang/ProcessImpl$2
Event: 14.738 Loading class java/lang/ProcessImpl$2 done
Event: 14.738 Loading class java/lang/Process$PipeInputStream
Event: 14.738 Loading class java/lang/Process$PipeInputStream done
Event: 14.741 Loading class jdk/internal/event/ProcessStartEvent
Event: 14.741 Loading class jdk/internal/event/ProcessStartEvent done

Classes unloaded (0 events):
No events

Classes redefined (0 events):
No events

Internal exceptions (20 events):
Event: 14.618 Thread 0x00000220727805e0 Exception <a 'java/lang/IncompatibleClassChangeError'{0x0000000085e85700}: Found class java.lang.Object, but interface was expected> (0x0000000085e85700) 
thrown [s\open\src\hotspot\share\interpreter\linkResolver.cpp, line 840]
Event: 14.643 Thread 0x00000220727805e0 Exception <a 'java/lang/ClassNotFoundException'{0x0000000085c47d20}: org/gradle/api/internal/project/DefaultAntBuilderBeanInfo> (0x0000000085c47d20) 
thrown [s\open\src\hotspot\share\classfile\systemDictionary.cpp, line 312]
Event: 14.643 Thread 0x00000220727805e0 Exception <a 'java/lang/ClassNotFoundException'{0x0000000085c54fd0}: org/gradle/api/internal/project/ant/BasicAntBuilderBeanInfo> (0x0000000085c54fd0) 
thrown [s\open\src\hotspot\share\classfile\systemDictionary.cpp, line 312]
Event: 14.644 Thread 0x00000220727805e0 Exception <a 'java/lang/ClassNotFoundException'{0x0000000085c61e68}: org/gradle/api/AntBuilderBeanInfo> (0x0000000085c61e68) 
thrown [s\open\src\hotspot\share\classfile\systemDictionary.cpp, line 312]
Event: 14.644 Thread 0x00000220727805e0 Exception <a 'java/lang/ClassNotFoundException'{0x0000000085c6ebe0}: groovy/ant/AntBuilderBeanInfo> (0x0000000085c6ebe0) 
thrown [s\open\src\hotspot\share\classfile\systemDictionary.cpp, line 312]
Event: 14.644 Thread 0x00000220727805e0 Exception <a 'java/lang/ClassNotFoundException'{0x0000000085c7ba78}: groovy/util/BuilderSupportBeanInfo> (0x0000000085c7ba78) 
thrown [s\open\src\hotspot\share\classfile\systemDictionary.cpp, line 312]
Event: 14.644 Thread 0x00000220727805e0 Exception <a 'java/lang/ClassNotFoundException'{0x0000000085c88be8}: groovy/util/BuilderSupportCustomizer> (0x0000000085c88be8) 
thrown [s\open\src\hotspot\share\classfile\systemDictionary.cpp, line 312]
Event: 14.645 Thread 0x00000220727805e0 Exception <a 'java/lang/ClassNotFoundException'{0x0000000085c980a0}: groovy/ant/AntBuilderCustomizer> (0x0000000085c980a0) 
thrown [s\open\src\hotspot\share\classfile\systemDictionary.cpp, line 312]
Event: 14.646 Thread 0x00000220727805e0 Exception <a 'java/lang/ClassNotFoundException'{0x0000000085ca9b58}: org/gradle/api/AntBuilderCustomizer> (0x0000000085ca9b58) 
thrown [s\open\src\hotspot\share\classfile\systemDictionary.cpp, line 312]
Event: 14.647 Thread 0x00000220727805e0 Exception <a 'java/lang/ClassNotFoundException'{0x0000000085cc1fb0}: org/gradle/api/internal/project/ant/BasicAntBuilderCustomizer> (0x0000000085cc1fb0) 
thrown [s\open\src\hotspot\share\classfile\systemDictionary.cpp, line 312]
Event: 14.648 Thread 0x00000220727805e0 Exception <a 'java/lang/ClassNotFoundException'{0x0000000085ce1ce0}: org/gradle/api/internal/project/DefaultAntBuilderCustomizer> (0x0000000085ce1ce0) 
thrown [s\open\src\hotspot\share\classfile\systemDictionary.cpp, line 312]
Event: 14.676 Thread 0x00000220727805e0 Implicit null exception at 0x000002205faab2c1 to 0x000002205fab0e98
Event: 14.692 Thread 0x00000220727805e0 Exception <a 'java/lang/NoSuchMethodError'{0x000000008597dd38}: 'java.lang.Object java.lang.invoke.DirectMethodHandle$Holder.newInvokeSpecial(java.lang.Object, java.lang.Object, java.lang.Object, java.lang.Object, java.lang.Object, java.lang.Object, int)'> (0x000000008597dd38) 
thrown [s\open\src\hotspot\share\interpreter\linkResolver.cpp, line 773]
Event: 14.693 Thread 0x00000220727805e0 Exception <a 'java/lang/NoSuchMethodError'{0x0000000085983460}: 'java.lang.Object java.lang.invoke.DirectMethodHandle$Holder.invokeSpecial(java.lang.Object, java.lang.Object, java.lang.Object, java.lang.Object, java.lang.Object, java.lang.Object, java.lang.Object, int)'> (0x0000000085983460) 
thrown [s\open\src\hotspot\share\interpreter\linkResolver.cpp, line 773]
Event: 14.693 Thread 0x00000220727805e0 Exception <a 'java/lang/NoSuchMethodError'{0x0000000085988300}: 'java.lang.Object java.lang.invoke.Invokers$Holder.linkToTargetMethod(java.lang.Object, java.lang.Object, java.lang.Object, java.lang.Object, java.lang.Object, int, java.lang.Object)'> (0x0000000085988300) 
thrown [s\open\src\hotspot\share\interpreter\linkResolver.cpp, line 773]
Event: 14.701 Thread 0x000002207608a080 Implicit null exception at 0x000002205f74b907 to 0x000002205f74b9cc
Event: 14.702 Thread 0x000002207608a080 Implicit null exception at 0x000002205f94fdee to 0x000002205f9504cc
Event: 14.702 Thread 0x000002207693fd40 Implicit null exception at 0x000002205f9d938b to 0x000002205f9d944c
Event: 14.737 Thread 0x0000022073007450 Exception <a 'java/lang/NoSuchMethodError'{0x00000000856391d0}: 'void java.lang.invoke.DirectMethodHandle$Holder.invokeStatic(java.lang.Object, long)'> (0x00000000856391d0) 
thrown [s\open\src\hotspot\share\interpreter\linkResolver.cpp, line 773]
Event: 14.738 Thread 0x0000022073007450 Exception <a 'java/lang/NoSuchMethodError'{0x0000000085643878}: 'java.lang.Object java.lang.invoke.DirectMethodHandle$Holder.invokeStaticInit(java.lang.Object, long, java.lang.Object)'> (0x0000000085643878) 
thrown [s\open\src\hotspot\share\interpreter\linkResolver.cpp, line 773]

ZGC Phase Switch (0 events):
No events

VM Operations (20 events):
Event: 12.484 Executing VM operation: G1PauseRemark
Event: 12.489 Executing VM operation: G1PauseRemark done
Event: 12.503 Executing VM operation: G1PauseCleanup
Event: 12.503 Executing VM operation: G1PauseCleanup done
Event: 12.706 Executing VM operation: ICBufferFull
Event: 12.706 Executing VM operation: ICBufferFull done
Event: 13.187 Executing VM operation: ICBufferFull
Event: 13.187 Executing VM operation: ICBufferFull done
Event: 13.232 Executing VM operation: HandshakeAllThreads (Deoptimize)
Event: 13.232 Executing VM operation: HandshakeAllThreads (Deoptimize) done
Event: 13.233 Executing VM operation: HandshakeAllThreads (Deoptimize)
Event: 13.233 Executing VM operation: HandshakeAllThreads (Deoptimize) done
Event: 13.285 Executing VM operation: G1CollectForAllocation (G1 Evacuation Pause)
Event: 13.290 Executing VM operation: G1CollectForAllocation (G1 Evacuation Pause) done
Event: 14.304 Executing VM operation: Cleanup
Event: 14.304 Executing VM operation: Cleanup done
Event: 14.740 Executing VM operation: HandshakeAllThreads (Deoptimize)
Event: 14.740 Executing VM operation: HandshakeAllThreads (Deoptimize) done
Event: 15.747 Executing VM operation: Cleanup
Event: 15.748 Executing VM operation: Cleanup done

Events (20 events):
Event: 12.488 Thread 0x000002206c53a1e0 flushing nmethod 0x000002205863f810
Event: 12.488 Thread 0x000002206c53a1e0 flushing nmethod 0x000002205863fd10
Event: 12.488 Thread 0x000002206c53a1e0 flushing nmethod 0x0000022058640b10
Event: 12.924 Thread 0x00000220736b05e0 Thread added: 0x00000220736b05e0
Event: 14.701 Thread 0x000002207608a080 Thread added: 0x000002207608a080
Event: 14.701 Thread 0x000002207608a710 Thread added: 0x000002207608a710
Event: 14.701 Thread 0x000002207608b430 Thread added: 0x000002207608b430
Event: 14.702 Thread 0x000002207608bac0 Thread added: 0x000002207608bac0
Event: 14.702 Thread 0x000002207693fd40 Thread added: 0x000002207693fd40
Event: 14.702 Thread 0x0000022073003940 Thread added: 0x0000022073003940
Event: 14.702 Thread 0x0000022073006730 Thread added: 0x0000022073006730
Event: 14.702 Thread 0x00000220730032b0 Thread added: 0x00000220730032b0
Event: 14.702 Thread 0x0000022073005a10 Thread added: 0x0000022073005a10
Event: 14.702 Thread 0x0000022073003fd0 Thread added: 0x0000022073003fd0
Event: 14.702 Thread 0x0000022073004660 Thread added: 0x0000022073004660
Event: 14.727 Thread 0x0000022073007450 Thread added: 0x0000022073007450
Event: 14.742 Thread 0x0000022073008170 Thread added: 0x0000022073008170
Event: 14.742 Thread 0x0000022073004cf0 Thread added: 0x0000022073004cf0
Event: 15.840 Thread 0x00000220736b05e0 Thread exited: 0x00000220736b05e0
Event: 15.840 Thread 0x00000220741d1580 Thread exited: 0x00000220741d1580


Dynamic libraries:
0x00007ff604d30000 - 0x00007ff604d40000 	C:\Program Files\Java\jdk-21\bin\java.exe
0x00007ffb5a1c0000 - 0x00007ffb5a425000 	C:\WINDOWS\SYSTEM32\ntdll.dll
0x00007ffb58d30000 - 0x00007ffb58df9000 	C:\WINDOWS\System32\KERNEL32.DLL
0x00007ffb57310000 - 0x00007ffb576f8000 	C:\WINDOWS\System32\KERNELBASE.dll
0x00007ffb579f0000 - 0x00007ffb57b3b000 	C:\WINDOWS\System32\ucrtbase.dll
0x00007ffb05400000 - 0x00007ffb05419000 	C:\Program Files\Java\jdk-21\bin\jli.dll
0x00007ffb034d0000 - 0x00007ffb034eb000 	C:\Program Files\Java\jdk-21\bin\VCRUNTIME140.dll
0x00007ffb58720000 - 0x00007ffb587d3000 	C:\WINDOWS\System32\ADVAPI32.dll
0x00007ffb58e00000 - 0x00007ffb58ea9000 	C:\WINDOWS\System32\msvcrt.dll
0x00007ffb58f30000 - 0x00007ffb58fd6000 	C:\WINDOWS\System32\sechost.dll
0x00007ffb58810000 - 0x00007ffb58925000 	C:\WINDOWS\System32\RPCRT4.dll
0x00007ffb57f90000 - 0x00007ffb5815a000 	C:\WINDOWS\System32\USER32.dll
0x00007ffb57700000 - 0x00007ffb57727000 	C:\WINDOWS\System32\win32u.dll
0x00007ffb3c480000 - 0x00007ffb3c71a000 	C:\WINDOWS\WinSxS\amd64_microsoft.windows.common-controls_6595b64144ccf1df_6.0.26100.4202_none_3e0698d4e335f517\COMCTL32.dll
0x00007ffb57f60000 - 0x00007ffb57f8b000 	C:\WINDOWS\System32\GDI32.dll
0x00007ffb578b0000 - 0x00007ffb579e7000 	C:\WINDOWS\System32\gdi32full.dll
0x00007ffb57d30000 - 0x00007ffb57dd3000 	C:\WINDOWS\System32\msvcp_win.dll
0x00007ffb4f840000 - 0x00007ffb4f84b000 	C:\WINDOWS\SYSTEM32\VERSION.dll
0x00007ffb59200000 - 0x00007ffb59230000 	C:\WINDOWS\System32\IMM32.DLL
0x00007ffb1d350000 - 0x00007ffb1d35c000 	C:\Program Files\Java\jdk-21\bin\vcruntime140_1.dll
0x00007ffae0740000 - 0x00007ffae07ce000 	C:\Program Files\Java\jdk-21\bin\msvcp140.dll
0x00007ffaab290000 - 0x00007ffaabfaa000 	C:\Program Files\Java\jdk-21\bin\server\jvm.dll
0x00007ffb58cb0000 - 0x00007ffb58d24000 	C:\WINDOWS\System32\WS2_32.dll
0x00007ffb57160000 - 0x00007ffb571be000 	C:\WINDOWS\SYSTEM32\POWRPROF.dll
0x00007ffb49ee0000 - 0x00007ffb49f15000 	C:\WINDOWS\SYSTEM32\WINMM.dll
0x00007ffb57140000 - 0x00007ffb57154000 	C:\WINDOWS\SYSTEM32\UMPDC.dll
0x00007ffb560d0000 - 0x00007ffb560eb000 	C:\WINDOWS\SYSTEM32\kernel.appcore.dll
0x00007ffb1d290000 - 0x00007ffb1d29a000 	C:\Program Files\Java\jdk-21\bin\jimage.dll
0x00007ffb4e110000 - 0x00007ffb4e351000 	C:\WINDOWS\SYSTEM32\DBGHELP.DLL
0x00007ffb59990000 - 0x00007ffb59d15000 	C:\WINDOWS\System32\combase.dll
0x00007ffb58930000 - 0x00007ffb58a11000 	C:\WINDOWS\System32\OLEAUT32.dll
0x00007ffb39860000 - 0x00007ffb39899000 	C:\WINDOWS\SYSTEM32\dbgcore.DLL
0x00007ffb57bd0000 - 0x00007ffb57c69000 	C:\WINDOWS\System32\bcryptPrimitives.dll
0x00007ffb47200000 - 0x00007ffb4720f000 	C:\Program Files\Java\jdk-21\bin\instrument.dll
0x00007ffb027e0000 - 0x00007ffb027ff000 	C:\Program Files\Java\jdk-21\bin\java.dll
0x00007ffb59240000 - 0x00007ffb59982000 	C:\WINDOWS\System32\SHELL32.dll
0x00007ffb57730000 - 0x00007ffb578a4000 	C:\WINDOWS\System32\wintypes.dll
0x00007ffb54f40000 - 0x00007ffb55798000 	C:\WINDOWS\SYSTEM32\windows.storage.dll
0x00007ffb58180000 - 0x00007ffb58271000 	C:\WINDOWS\System32\SHCORE.dll
0x00007ffb59da0000 - 0x00007ffb59e0a000 	C:\WINDOWS\System32\shlwapi.dll
0x00007ffb57220000 - 0x00007ffb5724f000 	C:\WINDOWS\SYSTEM32\profapi.dll
0x00007ffad48e0000 - 0x00007ffad49b7000 	C:\Program Files\Java\jdk-21\bin\jsvml.dll
0x00007ffafc5a0000 - 0x00007ffafc5b8000 	C:\Program Files\Java\jdk-21\bin\zip.dll
0x00007ffb1a950000 - 0x00007ffb1a960000 	C:\Program Files\Java\jdk-21\bin\net.dll
0x00007ffb51ad0000 - 0x00007ffb51bee000 	C:\WINDOWS\SYSTEM32\WINHTTP.dll
0x00007ffb56640000 - 0x00007ffb566aa000 	C:\WINDOWS\system32\mswsock.dll
0x00007ffafd1b0000 - 0x00007ffafd1c6000 	C:\Program Files\Java\jdk-21\bin\nio.dll
0x00007ffb1a890000 - 0x00007ffb1a8a0000 	C:\Program Files\Java\jdk-21\bin\verify.dll
0x00007ffafca00000 - 0x00007ffafca27000 	C:\Users\arvin\.gradle\native\c067742578af261105cb4f569cf0c3c89f3d7b1fecec35dd04571415982c5e48\windows-amd64\native-platform.dll
0x00007ffb18540000 - 0x00007ffb18684000 	C:\Users\arvin\.gradle\native\100fb08df4bc3b14c8652ba06237920a3bd2aa13389f12d3474272988ae205f9\windows-amd64\native-platform-file-events.dll
0x00007ffb1a120000 - 0x00007ffb1a12a000 	C:\Program Files\Java\jdk-21\bin\management.dll
0x00007ffb18720000 - 0x00007ffb1872b000 	C:\Program Files\Java\jdk-21\bin\management_ext.dll
0x00007ffb58280000 - 0x00007ffb58288000 	C:\WINDOWS\System32\PSAPI.DLL
0x00007ffb568f0000 - 0x00007ffb5690b000 	C:\WINDOWS\SYSTEM32\CRYPTSP.dll
0x00007ffb56030000 - 0x00007ffb5606a000 	C:\WINDOWS\system32\rsaenh.dll
0x00007ffb566e0000 - 0x00007ffb5670b000 	C:\WINDOWS\SYSTEM32\USERENV.dll
0x00007ffb571f0000 - 0x00007ffb57216000 	C:\WINDOWS\SYSTEM32\bcrypt.dll
0x00007ffb56910000 - 0x00007ffb5691c000 	C:\WINDOWS\SYSTEM32\CRYPTBASE.dll
0x00007ffb55b10000 - 0x00007ffb55b43000 	C:\WINDOWS\SYSTEM32\IPHLPAPI.DLL
0x00007ffb5a170000 - 0x00007ffb5a17a000 	C:\WINDOWS\System32\NSI.dll
0x00007ffb16a40000 - 0x00007ffb16a49000 	C:\Program Files\Java\jdk-21\bin\extnet.dll
0x00007ffb463a0000 - 0x00007ffb463ae000 	C:\Program Files\Java\jdk-21\bin\sunmscapi.dll
0x00007ffb57de0000 - 0x00007ffb57f57000 	C:\WINDOWS\System32\CRYPT32.dll
0x00007ffb56b10000 - 0x00007ffb56b40000 	C:\WINDOWS\SYSTEM32\ncrypt.dll
0x00007ffb56ac0000 - 0x00007ffb56aff000 	C:\WINDOWS\SYSTEM32\NTASN1.dll
0x00007ffb1a180000 - 0x00007ffb1a188000 	C:\WINDOWS\system32\wshunix.dll
0x00007ffb319c0000 - 0x00007ffb319d8000 	C:\WINDOWS\system32\napinsp.dll
0x00007ffb55bb0000 - 0x00007ffb55cd7000 	C:\WINDOWS\SYSTEM32\DNSAPI.dll
0x00007ffb31ab0000 - 0x00007ffb31ac2000 	C:\WINDOWS\System32\winrnr.dll
0x00007ffb31810000 - 0x00007ffb31840000 	C:\WINDOWS\system32\nlansp_c.dll
0x00007ffb318d0000 - 0x00007ffb318f0000 	C:\WINDOWS\system32\wshbth.dll
0x00007ffb50c40000 - 0x00007ffb50c4b000 	C:\Windows\System32\rasadhlp.dll
0x00007ffb51d50000 - 0x00007ffb51dd6000 	C:\WINDOWS\System32\fwpuclnt.dll

dbghelp: loaded successfully - version: 4.0.5 - missing functions: none
symbol engine: initialized successfully - sym options: 0x614 - pdb path: .;C:\Program Files\Java\jdk-21\bin;C:\WINDOWS\SYSTEM32;C:\WINDOWS\WinSxS\amd64_microsoft.windows.common-controls_6595b64144ccf1df_6.0.26100.4202_none_3e0698d4e335f517;C:\Program Files\Java\jdk-21\bin\server;C:\Users\arvin\.gradle\native\c067742578af261105cb4f569cf0c3c89f3d7b1fecec35dd04571415982c5e48\windows-amd64;C:\Users\arvin\.gradle\native\100fb08df4bc3b14c8652ba06237920a3bd2aa13389f12d3474272988ae205f9\windows-amd64

VM Arguments:
jvm_args: --add-opens=java.base/java.lang=ALL-UNNAMED --add-opens=java.base/java.lang.invoke=ALL-UNNAMED --add-opens=java.base/java.util=ALL-UNNAMED --add-opens=java.prefs/java.util.prefs=ALL-UNNAMED --add-exports=jdk.compiler/com.sun.tools.javac.api=ALL-UNNAMED --add-exports=jdk.compiler/com.sun.tools.javac.util=ALL-UNNAMED --add-opens=java.base/java.util=ALL-UNNAMED --add-opens=java.prefs/java.util.prefs=ALL-UNNAMED --add-opens=java.base/java.nio.charset=ALL-UNNAMED --add-opens=java.base/java.net=ALL-UNNAMED --add-opens=java.base/java.util.concurrent.atomic=ALL-UNNAMED --add-opens=java.xml/javax.xml.namespace=ALL-UNNAMED -XX:MaxMetaspaceSize=512m -Xmx2048m -Dfile.encoding=UTF-8 -Duser.country=IN -Duser.language=en -Duser.variant -javaagent:C:\Users\arvin\.gradle\wrapper\dists\gradle-8.11.1-bin\bpt9gzteqjrbo1mjrsomdt32c\gradle-8.11.1\lib\agents\gradle-instrumentation-agent-8.11.1.jar 
java_command: org.gradle.launcher.daemon.bootstrap.GradleDaemon 8.11.1
java_class_path (initial): C:\Users\arvin\.gradle\wrapper\dists\gradle-8.11.1-bin\bpt9gzteqjrbo1mjrsomdt32c\gradle-8.11.1\lib\gradle-daemon-main-8.11.1.jar
Launcher Type: SUN_STANDARD

[Global flags]
     intx CICompilerCount                          = 4                                         {product} {ergonomic}
   size_t CompressedClassSpaceSize                 = 436207616                                 {product} {ergonomic}
     uint ConcGCThreads                            = 3                                         {product} {ergonomic}
     uint G1ConcRefinementThreads                  = 10                                        {product} {ergonomic}
   size_t G1HeapRegionSize                         = 1048576                                   {product} {ergonomic}
    uintx GCDrainStackTargetSize                   = 64                                        {product} {ergonomic}
   size_t InitialHeapSize                          = 121634816                                 {product} {ergonomic}
   size_t MarkStackSize                            = 4194304                                   {product} {ergonomic}
   size_t MaxHeapSize                              = 2147483648                                {product} {command line}
   size_t MaxMetaspaceSize                         = 536870912                                 {product} {command line}
   size_t MaxNewSize                               = 1287651328                                {product} {ergonomic}
   size_t MinHeapDeltaBytes                        = 1048576                                   {product} {ergonomic}
   size_t MinHeapSize                              = 8388608                                   {product} {ergonomic}
    uintx NonNMethodCodeHeapSize                   = 5839372                                {pd product} {ergonomic}
    uintx NonProfiledCodeHeapSize                  = 122909434                              {pd product} {ergonomic}
    uintx ProfiledCodeHeapSize                     = 122909434                              {pd product} {ergonomic}
    uintx ReservedCodeCacheSize                    = 251658240                              {pd product} {ergonomic}
     bool SegmentedCodeCache                       = true                                      {product} {ergonomic}
   size_t SoftMaxHeapSize                          = 2147483648                             {manageable} {ergonomic}
     bool UseCompressedOops                        = true                           {product lp64_product} {ergonomic}
     bool UseG1GC                                  = true                                      {product} {ergonomic}
     bool UseLargePagesIndividualAllocation        = false                                  {pd product} {ergonomic}

Logging:
Log output configuration:
 #0: stdout all=warning uptime,level,tags foldmultilines=false
 #1: stderr all=off uptime,level,tags foldmultilines=false

Environment Variables:
JAVA_HOME=C:\Program Files\Java\jdk-21
CLASSPATH=C:\Users\arvin\Desktop\ReactN\AllenInside\android\\gradle\wrapper\gradle-wrapper.jar
PATH=C:\Users\arvin\Desktop\ReactN\alleninside\node_modules\.bin;C:\Users\arvin\Desktop\ReactN\alleninside\node_modules\.bin;C:\Users\arvin\Desktop\ReactN\node_modules\.bin;C:\Users\arvin\Desktop\node_modules\.bin;C:\Users\arvin\node_modules\.bin;C:\Users\node_modules\.bin;C:\node_modules\.bin;C:\Program Files\nodejs\node_modules\npm\node_modules\@npmcli\run-script\lib\node-gyp-bin;C:\Program Files\Common Files\Oracle\Java\javapath;C:\Program Files\Python312\Scripts\;C:\Program Files\Python312\;C:\windows\system32;C:\windows;C:\windows\System32\Wbem;C:\windows\System32\WindowsPowerShell\v1.0\;C:\windows\System32\OpenSSH\;C:\Program Files (x86)\NVIDIA Corporation\PhysX\Common;C:\Program Files\NVIDIA Corporation\NVIDIA NvDLISR;C:\Users\Administrator\AppData\Local\Microsoft\WindowsApps;C:\Program Files\HP\OMEN-Broadcast\Common;C:\Program Files\Git\cmd;C:\Program Files\Git\mingw64\bin;C:\Program Files\Git\usr\bin;C:\Users\arvin\AppData\Roaming\Python\Python312\Scripts;C:\Program Files\nodejs\;C:\MinGW\bin;C:\WINDOWS\system32;C:\WINDOWS;C:\WINDOWS\System32\Wbem;C:\WINDOWS\System32\WindowsPowerShell\v1.0\;C:\WINDOWS\System32\OpenSSH\;C:\Program Files\Java\jdk-21\bin;C:\Users\arvin\AppData\Local\Android\Sdk\platform-tools;C:\Users\arvin\AppData\Local\Android\Sdk\platform-tools;C:\Users\arvin\AppData\Local\Android\Sdk\emulator;C:\Users\arvin\AppData\Local\Android\Sdk\tools;C:\Users\arvin\AppData\Local\Android\Sdk\tools\bin;C:\Program Files\Java\jdk-21\bin;C:\Users\arvin\AppData\Local\Programs\Microsoft VS Code\bin;C:\Users\arvin\AppData\Local\Microsoft\WindowsApps;C:\Users\arvin\AppData\Local\Programs\cursor\resources\app\bin;C:\Users\arvin\AppData\Roaming\npm;
USERNAME=arvin
LANG=en_US.UTF-8
OS=Windows_NT
PROCESSOR_IDENTIFIER=AMD64 Family 25 Model 68 Stepping 1, AuthenticAMD
TMP=C:\Users\arvin\AppData\Local\Temp
TEMP=C:\Users\arvin\AppData\Local\Temp




Periodic native trim disabled

---------------  S Y S T E M  ---------------

OS:
 Windows 11 , 64 bit Build 26100 (10.0.26100.4202)
OS uptime: 5 days 15:34 hours
Hyper-V role detected

CPU: total 12 (initial active 12) (12 cores per cpu, 2 threads per core) family 25 model 68 stepping 1 microcode 0xa40410a, cx8, cmov, fxsr, ht, mmx, 3dnowpref, sse, sse2, sse3, ssse3, sse4a, sse4.1, sse4.2, popcnt, lzcnt, tsc, tscinvbit, avx, avx2, aes, erms, clmul, bmi1, bmi2, adx, sha, fma, vzeroupper, clflush, clflushopt, hv, rdtscp, rdpid, fsrm, f16c, cet_ss
Processor Information for processor 0
  Max Mhz: 3301, Current Mhz: 3301, Mhz Limit: 3301
Processor Information for processor 1
  Max Mhz: 3301, Current Mhz: 2635, Mhz Limit: 3301
Processor Information for processor 2
  Max Mhz: 3301, Current Mhz: 2635, Mhz Limit: 3301
Processor Information for processor 3
  Max Mhz: 3301, Current Mhz: 2635, Mhz Limit: 3301
Processor Information for processor 4
  Max Mhz: 3301, Current Mhz: 2635, Mhz Limit: 3301
Processor Information for processor 5
  Max Mhz: 3301, Current Mhz: 2635, Mhz Limit: 3301
Processor Information for processor 6
  Max Mhz: 3301, Current Mhz: 2635, Mhz Limit: 3301
Processor Information for processor 7
  Max Mhz: 3301, Current Mhz: 2635, Mhz Limit: 3301
Processor Information for processor 8
  Max Mhz: 3301, Current Mhz: 2635, Mhz Limit: 3301
Processor Information for processor 9
  Max Mhz: 3301, Current Mhz: 2635, Mhz Limit: 3301
Processor Information for processor 10
  Max Mhz: 3301, Current Mhz: 2635, Mhz Limit: 3301
Processor Information for processor 11
  Max Mhz: 3301, Current Mhz: 2635, Mhz Limit: 3301

Memory: 4k page, system-wide physical 7381M (663M free)
TotalPageFile size 29909M (AvailPageFile size 21M)
current process WorkingSet (physical memory assigned to process): 338M, peak: 363M
current process commit charge ("private bytes"): 386M, peak: 405M

vm_info: Java HotSpot(TM) 64-Bit Server VM (21.0.6+8-LTS-188) for windows-amd64 JRE (21.0.6+8-LTS-188), built on 2024-12-03T10:50:54Z by "mach5one" with MS VC++ 17.6 (VS2022)

END.
